<?xml version="1.0" encoding="UTF-8"?>
<testng-results ignored="0" total="3" passed="2" failed="1" skipped="0">
  <reporter-output>
  </reporter-output>
  <suite started-at="2024-07-23T17:41:01 IST" name="MySuite" finished-at="2024-07-23T17:41:46 IST" duration-ms="44897">
    <groups>
    </groups>
    <test started-at="2024-07-23T17:41:01 IST" name="MyTest" finished-at="2024-07-23T17:41:46 IST" duration-ms="44897">
      <class name="Day46.SampleListenersClassDemo">
        <test-method is-config="true" signature="TestSetUp()[pri:0, instance:Day46.SampleListenersClassDemo@a514af7]" started-at="2024-07-23T17:41:02 IST" name="TestSetUp" finished-at="2024-07-23T17:41:14 IST" duration-ms="12609" status="PASS">
          <reporter-output>
          </reporter-output>
        </test-method> <!-- TestSetUp -->
        <test-method signature="TestSetUp()[pri:1, instance:Day46.SampleListenersClassDemo@a514af7]" started-at="2024-07-23T17:41:14 IST" name="TestSetUp" finished-at="2024-07-23T17:41:43 IST" duration-ms="28573" status="PASS">
          <reporter-output>
          </reporter-output>
        </test-method> <!-- TestSetUp -->
        <test-method signature="TestGetURL()[pri:2, instance:Day46.SampleListenersClassDemo@a514af7]" started-at="2024-07-23T17:41:43 IST" name="TestGetURL" finished-at="2024-07-23T17:41:46 IST" duration-ms="3096" status="PASS">
          <reporter-output>
          </reporter-output>
        </test-method> <!-- TestGetURL -->
        <test-method signature="TestTitle()[pri:3, instance:Day46.SampleListenersClassDemo@a514af7]" started-at="2024-07-23T17:41:46 IST" name="TestTitle" finished-at="2024-07-23T17:41:46 IST" depends-on-methods="Day46.SampleListenersClassDemo.TestGetURL" duration-ms="10" status="FAIL">
          <exception class="java.lang.AssertionError">
            <message>
              <![CDATA[expected [orangehrm] but found [OrangeHRM]]]>
            </message>
            <full-stacktrace>
              <![CDATA[java.lang.AssertionError: expected [orangehrm] but found [OrangeHRM]
at org.testng.Assert.fail(Assert.java:99)
at org.testng.Assert.failNotEquals(Assert.java:1037)
at org.testng.Assert.assertEqualsImpl(Assert.java:140)
at org.testng.Assert.assertEquals(Assert.java:122)
at org.testng.Assert.assertEquals(Assert.java:629)
at org.testng.Assert.assertEquals(Assert.java:639)
at Day46.SampleListenersClassDemo.TestTitle(SampleListenersClassDemo.java:39)
at java.base/jdk.internal.reflect.DirectMethodHandleAccessor.invoke(DirectMethodHandleAccessor.java:103)
at java.base/java.lang.reflect.Method.invoke(Method.java:580)
at org.testng.internal.MethodInvocationHelper.invokeMethod(MethodInvocationHelper.java:133)
at org.testng.internal.TestInvoker.invokeMethod(TestInvoker.java:598)
at org.testng.internal.TestInvoker.invokeTestMethod(TestInvoker.java:173)
at org.testng.internal.MethodRunner.runInSequence(MethodRunner.java:46)
at org.testng.internal.TestInvoker$MethodInvocationAgent.invoke(TestInvoker.java:824)
at org.testng.internal.TestInvoker.invokeTestMethods(TestInvoker.java:146)
at org.testng.internal.TestMethodWorker.invokeTestMethods(TestMethodWorker.java:146)
at org.testng.internal.TestMethodWorker.run(TestMethodWorker.java:128)
at java.base/java.util.ArrayList.forEach(ArrayList.java:1596)
at org.testng.TestRunner.privateRun(TestRunner.java:794)
at org.testng.TestRunner.run(TestRunner.java:596)
at org.testng.SuiteRunner.runTest(SuiteRunner.java:377)
at org.testng.SuiteRunner.runSequentially(SuiteRunner.java:371)
at org.testng.SuiteRunner.privateRun(SuiteRunner.java:332)
at org.testng.SuiteRunner.run(SuiteRunner.java:276)
at org.testng.SuiteRunnerWorker.runSuite(SuiteRunnerWorker.java:53)
at org.testng.SuiteRunnerWorker.run(SuiteRunnerWorker.java:96)
at org.testng.TestNG.runSuitesSequentially(TestNG.java:1212)
at org.testng.TestNG.runSuitesLocally(TestNG.java:1134)
at org.testng.TestNG.runSuites(TestNG.java:1063)
at org.testng.TestNG.run(TestNG.java:1031)
at org.testng.remote.AbstractRemoteTestNG.run(AbstractRemoteTestNG.java:115)
at org.testng.remote.RemoteTestNG.initAndRun(RemoteTestNG.java:293)
at org.testng.remote.RemoteTestNG.main(RemoteTestNG.java:91)
]]>
            </full-stacktrace>
          </exception> <!-- java.lang.AssertionError -->
          <reporter-output>
          </reporter-output>
        </test-method> <!-- TestTitle -->
        <test-method is-config="true" signature="Close()[pri:0, instance:Day46.SampleListenersClassDemo@a514af7]" started-at="2024-07-23T17:41:46 IST" name="Close" finished-at="2024-07-23T17:41:46 IST" duration-ms="348" status="PASS">
          <reporter-output>
          </reporter-output>
        </test-method> <!-- Close -->
      </class> <!-- Day46.SampleListenersClassDemo -->
    </test> <!-- MyTest -->
  </suite> <!-- MySuite -->
</testng-results>
